<?xml version="1.0" encoding="UTF-8"?>
<!-- Generated by org.testng.reporters.JUnitXMLReporter -->
<testsuite ignored="0" hostname="LAPTOP-QABKR2GO" failures="0" tests="3" name="Test" time="12.191" errors="0" timestamp="2025-07-31T13:02:42 IST">
  <testcase classname="producttest.Example1Test" name="Addproduct2" time="0.036"/>
  <testcase classname="producttest.Example1Test" name="Addproduct3" time="0.003"/>
  <testcase classname="producttest.Example1Test" name="orderProducts" time="3.512"/>
</testsuite> <!-- Test -->
