<?xml version="1.0" encoding="UTF-8"?>
<testng-results ignored="0" total="3" passed="3" failed="0" skipped="0">
  <reporter-output>
    <line>
      <![CDATA[Browser setup is done]]>
    </line>
    <line>
      <![CDATA[Login successfully]]>
    </line>
    <line>
      <![CDATA[Logout is done]]>
    </line>
    <line>
      <![CDATA[Login successfully]]>
    </line>
    <line>
      <![CDATA[Logout is done]]>
    </line>
    <line>
      <![CDATA[Login successfully]]>
    </line>
    <line>
      <![CDATA[Manasa]]>
    </line>
    <line>
      <![CDATA[Nerusu]]>
    </line>
    <line>
      <![CDATA[ 520082]]>
    </line>
    <line>
      <![CDATA[Logout is done]]>
    </line>
  </reporter-output>
  <suite started-at="2025-07-31T13:02:29 IST" name="RegressionSuite" finished-at="2025-07-31T13:02:42 IST" duration-ms="12191">
    <groups>
      <group name="RT">
        <method signature="Example1Test.orderProducts(java.lang.String,java.lang.String,java.lang.String)[pri:1, instance:producttest.Example1Test@ed7f8b4]" name="orderProducts" class="producttest.Example1Test"/>
      </group> <!-- RT -->
    </groups>
    <test started-at="2025-07-31T13:02:29 IST" name="Test" finished-at="2025-07-31T13:02:42 IST" duration-ms="12191">
      <class name="producttest.Example1Test">
        <test-method is-config="true" signature="ReportStepup()[pri:0, instance:producttest.Example1Test@ed7f8b4]" started-at="2025-07-31T13:02:29 IST" name="ReportStepup" finished-at="2025-07-31T13:02:30 IST" duration-ms="464" status="PASS">
          <reporter-output>
          </reporter-output>
        </test-method> <!-- ReportStepup -->
        <test-method is-config="true" signature="browserSetup(java.lang.String)[pri:0, instance:producttest.Example1Test@ed7f8b4]" started-at="2025-07-31T13:02:30 IST" name="browserSetup" finished-at="2025-07-31T13:02:32 IST" duration-ms="2475" status="PASS">
          <params>
            <param index="0">
              <value>
                <![CDATA[chrome]]>
              </value>
            </param>
          </params>
          <reporter-output>
            <line>
              <![CDATA[Browser setup is done]]>
            </line>
          </reporter-output>
        </test-method> <!-- browserSetup -->
        <test-method is-config="true" signature="LogIn()[pri:0, instance:producttest.Example1Test@ed7f8b4]" started-at="2025-07-31T13:02:32 IST" name="LogIn" finished-at="2025-07-31T13:02:33 IST" duration-ms="956" status="PASS">
          <reporter-output>
            <line>
              <![CDATA[Login successfully]]>
            </line>
          </reporter-output>
        </test-method> <!-- LogIn -->
        <test-method signature="Addproduct2()[pri:0, instance:producttest.Example1Test@ed7f8b4]" started-at="2025-07-31T13:02:33 IST" name="Addproduct2" finished-at="2025-07-31T13:02:33 IST" duration-ms="36" status="PASS">
          <reporter-output>
          </reporter-output>
        </test-method> <!-- Addproduct2 -->
        <test-method is-config="true" signature="Logout()[pri:0, instance:producttest.Example1Test@ed7f8b4]" started-at="2025-07-31T13:02:33 IST" name="Logout" finished-at="2025-07-31T13:02:34 IST" duration-ms="434" status="PASS">
          <reporter-output>
            <line>
              <![CDATA[Logout is done]]>
            </line>
          </reporter-output>
        </test-method> <!-- Logout -->
        <test-method is-config="true" signature="LogIn()[pri:0, instance:producttest.Example1Test@ed7f8b4]" started-at="2025-07-31T13:02:34 IST" name="LogIn" finished-at="2025-07-31T13:02:35 IST" duration-ms="745" status="PASS">
          <reporter-output>
            <line>
              <![CDATA[Login successfully]]>
            </line>
          </reporter-output>
        </test-method> <!-- LogIn -->
        <test-method signature="Addproduct3()[pri:0, instance:producttest.Example1Test@ed7f8b4]" started-at="2025-07-31T13:02:35 IST" name="Addproduct3" finished-at="2025-07-31T13:02:35 IST" duration-ms="3" status="PASS">
          <reporter-output>
          </reporter-output>
        </test-method> <!-- Addproduct3 -->
        <test-method is-config="true" signature="Logout()[pri:0, instance:producttest.Example1Test@ed7f8b4]" started-at="2025-07-31T13:02:35 IST" name="Logout" finished-at="2025-07-31T13:02:35 IST" duration-ms="380" status="PASS">
          <reporter-output>
            <line>
              <![CDATA[Logout is done]]>
            </line>
          </reporter-output>
        </test-method> <!-- Logout -->
        <test-method is-config="true" signature="LogIn()[pri:0, instance:producttest.Example1Test@ed7f8b4]" started-at="2025-07-31T13:02:36 IST" name="LogIn" finished-at="2025-07-31T13:02:37 IST" duration-ms="713" status="PASS">
          <reporter-output>
            <line>
              <![CDATA[Login successfully]]>
            </line>
          </reporter-output>
        </test-method> <!-- LogIn -->
        <test-method signature="orderProducts(java.lang.String,java.lang.String,java.lang.String)[pri:1, instance:producttest.Example1Test@ed7f8b4]" started-at="2025-07-31T13:02:37 IST" name="orderProducts" data-provider="CheckoutInfo" finished-at="2025-07-31T13:02:40 IST" duration-ms="3512" status="PASS">
          <params>
            <param index="0">
              <value>
                <![CDATA[Manasa]]>
              </value>
            </param>
            <param index="1">
              <value>
                <![CDATA[Nerusu]]>
              </value>
            </param>
            <param index="2">
              <value>
                <![CDATA[ 520082]]>
              </value>
            </param>
          </params>
          <reporter-output>
            <line>
              <![CDATA[Manasa]]>
            </line>
            <line>
              <![CDATA[Nerusu]]>
            </line>
            <line>
              <![CDATA[ 520082]]>
            </line>
          </reporter-output>
        </test-method> <!-- orderProducts -->
        <test-method is-config="true" signature="Logout()[pri:0, instance:producttest.Example1Test@ed7f8b4]" started-at="2025-07-31T13:02:40 IST" name="Logout" finished-at="2025-07-31T13:02:41 IST" duration-ms="457" status="PASS">
          <reporter-output>
            <line>
              <![CDATA[Logout is done]]>
            </line>
          </reporter-output>
        </test-method> <!-- Logout -->
        <test-method is-config="true" signature="ReportTerminate()[pri:0, instance:producttest.Example1Test@ed7f8b4]" started-at="2025-07-31T13:02:41 IST" name="ReportTerminate" finished-at="2025-07-31T13:02:42 IST" duration-ms="869" status="PASS">
          <reporter-output>
          </reporter-output>
        </test-method> <!-- ReportTerminate -->
      </class> <!-- producttest.Example1Test -->
    </test> <!-- Test -->
  </suite> <!-- RegressionSuite -->
</testng-results>
